# Logfile created on 2014-02-25 21:42:09 -0600 by logger.rb/44203
I, [2014-02-25T21:42:09.769029 #27635]  INFO -- : 0:  rake (10.1.1) from /Users/juliesoliman/.rvm/gems/ruby-2.1.0/specifications/rake-10.1.1.gemspec
I, [2014-02-25T21:42:09.769471 #27635]  INFO -- : 0:  i18n (0.6.9) from /Users/juliesoliman/.rvm/gems/ruby-2.1.0/specifications/i18n-0.6.9.gemspec
I, [2014-02-25T21:42:09.769739 #27635]  INFO -- : 0:  minitest (4.7.5) from /Users/juliesoliman/.rvm/rubies/ruby-2.1.0/lib/ruby/gems/2.1.0/specifications/default/minitest-4.7.5.gemspec
I, [2014-02-25T21:42:09.769995 #27635]  INFO -- : 0:  multi_json (1.8.4) from /Users/juliesoliman/.rvm/gems/ruby-2.1.0/specifications/multi_json-1.8.4.gemspec
I, [2014-02-25T21:42:09.770239 #27635]  INFO -- : 0:  atomic (1.1.14) from /Users/juliesoliman/.rvm/gems/ruby-2.1.0/specifications/atomic-1.1.14.gemspec
I, [2014-02-25T21:42:09.770475 #27635]  INFO -- : 0:  thread_safe (0.1.3) from /Users/juliesoliman/.rvm/gems/ruby-2.1.0/specifications/thread_safe-0.1.3.gemspec
I, [2014-02-25T21:42:09.770721 #27635]  INFO -- : 0:  tzinfo (0.3.38) from /Users/juliesoliman/.rvm/gems/ruby-2.1.0/specifications/tzinfo-0.3.38.gemspec
I, [2014-02-25T21:42:09.770966 #27635]  INFO -- : 0:  activesupport (4.0.2) from /Users/juliesoliman/.rvm/gems/ruby-2.1.0/specifications/activesupport-4.0.2.gemspec
I, [2014-02-25T21:42:09.771210 #27635]  INFO -- : 0:  builder (3.1.4) from /Users/juliesoliman/.rvm/gems/ruby-2.1.0/specifications/builder-3.1.4.gemspec
I, [2014-02-25T21:42:09.771448 #27635]  INFO -- : 0:  erubis (2.7.0) from /Users/juliesoliman/.rvm/gems/ruby-2.1.0/specifications/erubis-2.7.0.gemspec
I, [2014-02-25T21:42:09.771688 #27635]  INFO -- : 0:  rack (1.5.2) from /Users/juliesoliman/.rvm/gems/ruby-2.1.0/specifications/rack-1.5.2.gemspec
I, [2014-02-25T21:42:09.771925 #27635]  INFO -- : 0:  rack-test (0.6.2) from /Users/juliesoliman/.rvm/gems/ruby-2.1.0/specifications/rack-test-0.6.2.gemspec
I, [2014-02-25T21:42:09.772237 #27635]  INFO -- : 0:  actionpack (4.0.2) from /Users/juliesoliman/.rvm/gems/ruby-2.1.0/specifications/actionpack-4.0.2.gemspec
I, [2014-02-25T21:42:09.772481 #27635]  INFO -- : 0:  mime-types (1.25.1) from /Users/juliesoliman/.rvm/gems/ruby-2.1.0/specifications/mime-types-1.25.1.gemspec
I, [2014-02-25T21:42:11.214512 #27635]  INFO -- : 0:  polyglot (0.3.4) from /Users/juliesoliman/.rvm/gems/ruby-2.1.0/specifications/polyglot-0.3.4.gemspec
I, [2014-02-25T21:42:11.215068 #27635]  INFO -- : 0:  treetop (1.4.15) from /Users/juliesoliman/.rvm/gems/ruby-2.1.0/specifications/treetop-1.4.15.gemspec
I, [2014-02-25T21:42:11.215358 #27635]  INFO -- : 0:  mail (2.5.4) from /Users/juliesoliman/.rvm/gems/ruby-2.1.0/specifications/mail-2.5.4.gemspec
I, [2014-02-25T21:42:11.215671 #27635]  INFO -- : 0:  actionmailer (4.0.2) from /Users/juliesoliman/.rvm/gems/ruby-2.1.0/specifications/actionmailer-4.0.2.gemspec
I, [2014-02-25T21:42:11.216035 #27635]  INFO -- : 0:  activemodel (4.0.2) from /Users/juliesoliman/.rvm/gems/ruby-2.1.0/specifications/activemodel-4.0.2.gemspec
I, [2014-02-25T21:42:11.216369 #27635]  INFO -- : 0:  activerecord-deprecated_finders (1.0.3) from /Users/juliesoliman/.rvm/gems/ruby-2.1.0/specifications/activerecord-deprecated_finders-1.0.3.gemspec
I, [2014-02-25T21:42:11.216730 #27635]  INFO -- : 0:  arel (4.0.2) from /Users/juliesoliman/.rvm/gems/ruby-2.1.0/specifications/arel-4.0.2.gemspec
I, [2014-02-25T21:42:11.217201 #27635]  INFO -- : 0:  activerecord (4.0.2) from /Users/juliesoliman/.rvm/gems/ruby-2.1.0/specifications/activerecord-4.0.2.gemspec
I, [2014-02-25T21:42:11.217581 #27635]  INFO -- : 0:  bundler (1.5.1) from /Users/juliesoliman/.rvm/gems/ruby-2.1.0@global/specifications/bundler-1.5.1.gemspec
I, [2014-02-25T21:42:11.217923 #27635]  INFO -- : 0:  coffee-script-source (1.7.0) from /Users/juliesoliman/.rvm/gems/ruby-2.1.0/specifications/coffee-script-source-1.7.0.gemspec
I, [2014-02-25T21:42:11.218218 #27635]  INFO -- : 0:  execjs (2.0.2) from /Users/juliesoliman/.rvm/gems/ruby-2.1.0/specifications/execjs-2.0.2.gemspec
I, [2014-02-25T21:42:11.218509 #27635]  INFO -- : 0:  coffee-script (2.2.0) from /Users/juliesoliman/.rvm/gems/ruby-2.1.0/specifications/coffee-script-2.2.0.gemspec
I, [2014-02-25T21:42:11.219058 #27635]  INFO -- : 0:  thor (0.18.1) from /Users/juliesoliman/.rvm/gems/ruby-2.1.0/specifications/thor-0.18.1.gemspec
I, [2014-02-25T21:42:11.219522 #27635]  INFO -- : 0:  railties (4.0.2) from /Users/juliesoliman/.rvm/gems/ruby-2.1.0/specifications/railties-4.0.2.gemspec
I, [2014-02-25T21:42:11.220243 #27635]  INFO -- : 0:  coffee-rails (4.0.1) from /Users/juliesoliman/.rvm/gems/ruby-2.1.0/specifications/coffee-rails-4.0.1.gemspec
I, [2014-02-25T21:42:11.220811 #27635]  INFO -- : 0:  hike (1.2.3) from /Users/juliesoliman/.rvm/gems/ruby-2.1.0/specifications/hike-1.2.3.gemspec
I, [2014-02-25T21:42:11.221347 #27635]  INFO -- : 0:  jbuilder (1.5.3) from /Users/juliesoliman/.rvm/gems/ruby-2.1.0/specifications/jbuilder-1.5.3.gemspec
I, [2014-02-25T21:42:11.221810 #27635]  INFO -- : 0:  jquery-rails (3.1.0) from /Users/juliesoliman/.rvm/gems/ruby-2.1.0/specifications/jquery-rails-3.1.0.gemspec
I, [2014-02-25T21:42:11.222189 #27635]  INFO -- : 0:  json (1.8.1) from /Users/juliesoliman/.rvm/rubies/ruby-2.1.0/lib/ruby/gems/2.1.0/specifications/default/json-1.8.1.gemspec
I, [2014-02-25T21:42:11.222461 #27635]  INFO -- : 0:  tilt (1.4.1) from /Users/juliesoliman/.rvm/gems/ruby-2.1.0/specifications/tilt-1.4.1.gemspec
I, [2014-02-25T21:42:12.585819 #27635]  INFO -- : 0:  sprockets (2.11.0) from /Users/juliesoliman/.rvm/gems/ruby-2.1.0/specifications/sprockets-2.11.0.gemspec
I, [2014-02-25T21:42:12.586225 #27635]  INFO -- : 0:  sprockets-rails (2.0.1) from /Users/juliesoliman/.rvm/gems/ruby-2.1.0/specifications/sprockets-rails-2.0.1.gemspec
I, [2014-02-25T21:42:12.586541 #27635]  INFO -- : 0:  rails (4.0.2) from /Users/juliesoliman/.rvm/gems/ruby-2.1.0/specifications/rails-4.0.2.gemspec
I, [2014-02-25T21:42:12.586862 #27635]  INFO -- : 0:  rdoc (4.1.1) from /Users/juliesoliman/.rvm/gems/ruby-2.1.0/specifications/rdoc-4.1.1.gemspec
I, [2014-02-25T21:42:12.587166 #27635]  INFO -- : 0:  sass (3.2.14) from /Users/juliesoliman/.rvm/gems/ruby-2.1.0/specifications/sass-3.2.14.gemspec
I, [2014-02-25T21:42:12.587471 #27635]  INFO -- : 0:  sass-rails (4.0.1) from /Users/juliesoliman/.rvm/gems/ruby-2.1.0/specifications/sass-rails-4.0.1.gemspec
I, [2014-02-25T21:42:12.587764 #27635]  INFO -- : 0:  sdoc (0.4.0) from /Users/juliesoliman/.rvm/gems/ruby-2.1.0/specifications/sdoc-0.4.0.gemspec
I, [2014-02-25T21:42:16.003704 #27635]  INFO -- : 0:  sqlite3 (1.3.9) from /Users/juliesoliman/.rvm/gems/ruby-2.1.0/specifications/sqlite3-1.3.9.gemspec
I, [2014-02-25T21:42:16.004711 #27635]  INFO -- : 0:  turbolinks (2.2.1) from /Users/juliesoliman/.rvm/gems/ruby-2.1.0/specifications/turbolinks-2.2.1.gemspec
I, [2014-02-25T21:42:16.005467 #27635]  INFO -- : 0:  uglifier (2.4.0) from /Users/juliesoliman/.rvm/gems/ruby-2.1.0/specifications/uglifier-2.4.0.gemspec
I, [2014-02-25T21:42:32.007883 #27776]  INFO -- : 0:  rake (10.1.1) from /Users/juliesoliman/.rvm/gems/ruby-2.1.0/specifications/rake-10.1.1.gemspec
I, [2014-02-25T21:42:32.008298 #27776]  INFO -- : 0:  i18n (0.6.9) from /Users/juliesoliman/.rvm/gems/ruby-2.1.0/specifications/i18n-0.6.9.gemspec
I, [2014-02-25T21:42:32.008660 #27776]  INFO -- : 0:  minitest (4.7.5) from /Users/juliesoliman/.rvm/rubies/ruby-2.1.0/lib/ruby/gems/2.1.0/specifications/default/minitest-4.7.5.gemspec
I, [2014-02-25T21:42:32.009012 #27776]  INFO -- : 0:  multi_json (1.8.4) from /Users/juliesoliman/.rvm/gems/ruby-2.1.0/specifications/multi_json-1.8.4.gemspec
I, [2014-02-25T21:42:32.009353 #27776]  INFO -- : 0:  atomic (1.1.14) from /Users/juliesoliman/.rvm/gems/ruby-2.1.0/specifications/atomic-1.1.14.gemspec
I, [2014-02-25T21:42:32.009687 #27776]  INFO -- : 0:  thread_safe (0.1.3) from /Users/juliesoliman/.rvm/gems/ruby-2.1.0/specifications/thread_safe-0.1.3.gemspec
I, [2014-02-25T21:42:32.010041 #27776]  INFO -- : 0:  tzinfo (0.3.38) from /Users/juliesoliman/.rvm/gems/ruby-2.1.0/specifications/tzinfo-0.3.38.gemspec
I, [2014-02-25T21:42:32.010381 #27776]  INFO -- : 0:  activesupport (4.0.2) from /Users/juliesoliman/.rvm/gems/ruby-2.1.0/specifications/activesupport-4.0.2.gemspec
I, [2014-02-25T21:42:32.010728 #27776]  INFO -- : 0:  builder (3.1.4) from /Users/juliesoliman/.rvm/gems/ruby-2.1.0/specifications/builder-3.1.4.gemspec
I, [2014-02-25T21:42:32.011084 #27776]  INFO -- : 0:  erubis (2.7.0) from /Users/juliesoliman/.rvm/gems/ruby-2.1.0/specifications/erubis-2.7.0.gemspec
I, [2014-02-25T21:42:32.011421 #27776]  INFO -- : 0:  rack (1.5.2) from /Users/juliesoliman/.rvm/gems/ruby-2.1.0/specifications/rack-1.5.2.gemspec
I, [2014-02-25T21:42:32.011789 #27776]  INFO -- : 0:  rack-test (0.6.2) from /Users/juliesoliman/.rvm/gems/ruby-2.1.0/specifications/rack-test-0.6.2.gemspec
I, [2014-02-25T21:42:32.012124 #27776]  INFO -- : 0:  actionpack (4.0.2) from /Users/juliesoliman/.rvm/gems/ruby-2.1.0/specifications/actionpack-4.0.2.gemspec
I, [2014-02-25T21:42:32.012503 #27776]  INFO -- : 0:  mime-types (1.25.1) from /Users/juliesoliman/.rvm/gems/ruby-2.1.0/specifications/mime-types-1.25.1.gemspec
I, [2014-02-25T21:42:32.012845 #27776]  INFO -- : 0:  polyglot (0.3.4) from /Users/juliesoliman/.rvm/gems/ruby-2.1.0/specifications/polyglot-0.3.4.gemspec
I, [2014-02-25T21:42:32.013180 #27776]  INFO -- : 0:  treetop (1.4.15) from /Users/juliesoliman/.rvm/gems/ruby-2.1.0/specifications/treetop-1.4.15.gemspec
I, [2014-02-25T21:42:32.013513 #27776]  INFO -- : 0:  mail (2.5.4) from /Users/juliesoliman/.rvm/gems/ruby-2.1.0/specifications/mail-2.5.4.gemspec
I, [2014-02-25T21:42:32.013855 #27776]  INFO -- : 0:  actionmailer (4.0.2) from /Users/juliesoliman/.rvm/gems/ruby-2.1.0/specifications/actionmailer-4.0.2.gemspec
I, [2014-02-25T21:42:32.014198 #27776]  INFO -- : 0:  activemodel (4.0.2) from /Users/juliesoliman/.rvm/gems/ruby-2.1.0/specifications/activemodel-4.0.2.gemspec
I, [2014-02-25T21:42:32.014524 #27776]  INFO -- : 0:  activerecord-deprecated_finders (1.0.3) from /Users/juliesoliman/.rvm/gems/ruby-2.1.0/specifications/activerecord-deprecated_finders-1.0.3.gemspec
I, [2014-02-25T21:42:32.016375 #27776]  INFO -- : 0:  arel (4.0.2) from /Users/juliesoliman/.rvm/gems/ruby-2.1.0/specifications/arel-4.0.2.gemspec
I, [2014-02-25T21:42:32.016756 #27776]  INFO -- : 0:  activerecord (4.0.2) from /Users/juliesoliman/.rvm/gems/ruby-2.1.0/specifications/activerecord-4.0.2.gemspec
I, [2014-02-25T21:42:32.017086 #27776]  INFO -- : 0:  coffee-script-source (1.7.0) from /Users/juliesoliman/.rvm/gems/ruby-2.1.0/specifications/coffee-script-source-1.7.0.gemspec
I, [2014-02-25T21:42:32.017411 #27776]  INFO -- : 0:  execjs (2.0.2) from /Users/juliesoliman/.rvm/gems/ruby-2.1.0/specifications/execjs-2.0.2.gemspec
I, [2014-02-25T21:42:32.017736 #27776]  INFO -- : 0:  coffee-script (2.2.0) from /Users/juliesoliman/.rvm/gems/ruby-2.1.0/specifications/coffee-script-2.2.0.gemspec
I, [2014-02-25T21:42:32.018073 #27776]  INFO -- : 0:  thor (0.18.1) from /Users/juliesoliman/.rvm/gems/ruby-2.1.0/specifications/thor-0.18.1.gemspec
I, [2014-02-25T21:42:32.018401 #27776]  INFO -- : 0:  railties (4.0.2) from /Users/juliesoliman/.rvm/gems/ruby-2.1.0/specifications/railties-4.0.2.gemspec
I, [2014-02-25T21:42:32.018733 #27776]  INFO -- : 0:  coffee-rails (4.0.1) from /Users/juliesoliman/.rvm/gems/ruby-2.1.0/specifications/coffee-rails-4.0.1.gemspec
I, [2014-02-25T21:42:32.019046 #27776]  INFO -- : 0:  hike (1.2.3) from /Users/juliesoliman/.rvm/gems/ruby-2.1.0/specifications/hike-1.2.3.gemspec
I, [2014-02-25T21:42:32.019377 #27776]  INFO -- : 0:  jbuilder (1.5.3) from /Users/juliesoliman/.rvm/gems/ruby-2.1.0/specifications/jbuilder-1.5.3.gemspec
I, [2014-02-25T21:42:32.019697 #27776]  INFO -- : 0:  jquery-rails (3.1.0) from /Users/juliesoliman/.rvm/gems/ruby-2.1.0/specifications/jquery-rails-3.1.0.gemspec
I, [2014-02-25T21:42:32.020001 #27776]  INFO -- : 0:  json (1.8.1) from /Users/juliesoliman/.rvm/rubies/ruby-2.1.0/lib/ruby/gems/2.1.0/specifications/default/json-1.8.1.gemspec
I, [2014-02-25T21:42:32.020312 #27776]  INFO -- : 0:  bundler (1.5.1) from /Users/juliesoliman/.rvm/gems/ruby-2.1.0@global/specifications/bundler-1.5.1.gemspec
I, [2014-02-25T21:42:32.020654 #27776]  INFO -- : 0:  tilt (1.4.1) from /Users/juliesoliman/.rvm/gems/ruby-2.1.0/specifications/tilt-1.4.1.gemspec
I, [2014-02-25T21:42:32.020983 #27776]  INFO -- : 0:  sprockets (2.11.0) from /Users/juliesoliman/.rvm/gems/ruby-2.1.0/specifications/sprockets-2.11.0.gemspec
I, [2014-02-25T21:42:32.021300 #27776]  INFO -- : 0:  sprockets-rails (2.0.1) from /Users/juliesoliman/.rvm/gems/ruby-2.1.0/specifications/sprockets-rails-2.0.1.gemspec
I, [2014-02-25T21:42:32.021613 #27776]  INFO -- : 0:  rails (4.0.2) from /Users/juliesoliman/.rvm/gems/ruby-2.1.0/specifications/rails-4.0.2.gemspec
I, [2014-02-25T21:42:32.021946 #27776]  INFO -- : 0:  rdoc (4.1.1) from /Users/juliesoliman/.rvm/gems/ruby-2.1.0/specifications/rdoc-4.1.1.gemspec
I, [2014-02-25T21:42:32.022268 #27776]  INFO -- : 0:  sass (3.2.14) from /Users/juliesoliman/.rvm/gems/ruby-2.1.0/specifications/sass-3.2.14.gemspec
I, [2014-02-25T21:42:32.022597 #27776]  INFO -- : 0:  sass-rails (4.0.1) from /Users/juliesoliman/.rvm/gems/ruby-2.1.0/specifications/sass-rails-4.0.1.gemspec
I, [2014-02-25T21:42:32.022910 #27776]  INFO -- : 0:  sdoc (0.4.0) from /Users/juliesoliman/.rvm/gems/ruby-2.1.0/specifications/sdoc-0.4.0.gemspec
I, [2014-02-25T21:42:32.023236 #27776]  INFO -- : 0:  sqlite3 (1.3.9) from /Users/juliesoliman/.rvm/gems/ruby-2.1.0/specifications/sqlite3-1.3.9.gemspec
I, [2014-02-25T21:42:32.023546 #27776]  INFO -- : 0:  turbolinks (2.2.1) from /Users/juliesoliman/.rvm/gems/ruby-2.1.0/specifications/turbolinks-2.2.1.gemspec
I, [2014-02-25T21:42:32.023850 #27776]  INFO -- : 0:  uglifier (2.4.0) from /Users/juliesoliman/.rvm/gems/ruby-2.1.0/specifications/uglifier-2.4.0.gemspec
I, [2014-02-28T18:14:28.792806 #31092]  INFO -- : 0:  rake (10.1.1) from /Users/juliesoliman/.rvm/gems/ruby-2.1.0/specifications/rake-10.1.1.gemspec
I, [2014-02-28T18:14:28.793595 #31092]  INFO -- : 0:  i18n (0.6.9) from /Users/juliesoliman/.rvm/gems/ruby-2.1.0/specifications/i18n-0.6.9.gemspec
I, [2014-02-28T18:14:28.793907 #31092]  INFO -- : 0:  minitest (4.7.5) from /Users/juliesoliman/.rvm/rubies/ruby-2.1.0/lib/ruby/gems/2.1.0/specifications/default/minitest-4.7.5.gemspec
I, [2014-02-28T18:14:28.794197 #31092]  INFO -- : 0:  multi_json (1.8.4) from /Users/juliesoliman/.rvm/gems/ruby-2.1.0/specifications/multi_json-1.8.4.gemspec
I, [2014-02-28T18:14:28.794530 #31092]  INFO -- : 0:  atomic (1.1.14) from /Users/juliesoliman/.rvm/gems/ruby-2.1.0/specifications/atomic-1.1.14.gemspec
I, [2014-02-28T18:14:28.794800 #31092]  INFO -- : 0:  thread_safe (0.1.3) from /Users/juliesoliman/.rvm/gems/ruby-2.1.0/specifications/thread_safe-0.1.3.gemspec
I, [2014-02-28T18:14:28.795079 #31092]  INFO -- : 0:  tzinfo (0.3.38) from /Users/juliesoliman/.rvm/gems/ruby-2.1.0/specifications/tzinfo-0.3.38.gemspec
I, [2014-02-28T18:14:28.795353 #31092]  INFO -- : 0:  activesupport (4.0.2) from /Users/juliesoliman/.rvm/gems/ruby-2.1.0/specifications/activesupport-4.0.2.gemspec
I, [2014-02-28T18:14:28.795640 #31092]  INFO -- : 0:  builder (3.1.4) from /Users/juliesoliman/.rvm/gems/ruby-2.1.0/specifications/builder-3.1.4.gemspec
I, [2014-02-28T18:14:28.796040 #31092]  INFO -- : 0:  erubis (2.7.0) from /Users/juliesoliman/.rvm/gems/ruby-2.1.0/specifications/erubis-2.7.0.gemspec
I, [2014-02-28T18:14:28.796339 #31092]  INFO -- : 0:  rack (1.5.2) from /Users/juliesoliman/.rvm/gems/ruby-2.1.0/specifications/rack-1.5.2.gemspec
I, [2014-02-28T18:14:28.796720 #31092]  INFO -- : 0:  rack-test (0.6.2) from /Users/juliesoliman/.rvm/gems/ruby-2.1.0/specifications/rack-test-0.6.2.gemspec
I, [2014-02-28T18:14:28.797025 #31092]  INFO -- : 0:  actionpack (4.0.2) from /Users/juliesoliman/.rvm/gems/ruby-2.1.0/specifications/actionpack-4.0.2.gemspec
I, [2014-02-28T18:14:28.797400 #31092]  INFO -- : 0:  mime-types (1.25.1) from /Users/juliesoliman/.rvm/gems/ruby-2.1.0/specifications/mime-types-1.25.1.gemspec
I, [2014-02-28T18:14:28.797684 #31092]  INFO -- : 0:  polyglot (0.3.4) from /Users/juliesoliman/.rvm/gems/ruby-2.1.0/specifications/polyglot-0.3.4.gemspec
I, [2014-02-28T18:14:28.798050 #31092]  INFO -- : 0:  treetop (1.4.15) from /Users/juliesoliman/.rvm/gems/ruby-2.1.0/specifications/treetop-1.4.15.gemspec
I, [2014-02-28T18:14:28.798353 #31092]  INFO -- : 0:  mail (2.5.4) from /Users/juliesoliman/.rvm/gems/ruby-2.1.0/specifications/mail-2.5.4.gemspec
I, [2014-02-28T18:14:28.798626 #31092]  INFO -- : 0:  actionmailer (4.0.2) from /Users/juliesoliman/.rvm/gems/ruby-2.1.0/specifications/actionmailer-4.0.2.gemspec
I, [2014-02-28T18:14:28.798924 #31092]  INFO -- : 0:  activemodel (4.0.2) from /Users/juliesoliman/.rvm/gems/ruby-2.1.0/specifications/activemodel-4.0.2.gemspec
I, [2014-02-28T18:14:28.799187 #31092]  INFO -- : 0:  activerecord-deprecated_finders (1.0.3) from /Users/juliesoliman/.rvm/gems/ruby-2.1.0/specifications/activerecord-deprecated_finders-1.0.3.gemspec
I, [2014-02-28T18:14:28.800977 #31092]  INFO -- : 0:  arel (4.0.2) from /Users/juliesoliman/.rvm/gems/ruby-2.1.0/specifications/arel-4.0.2.gemspec
I, [2014-02-28T18:14:28.801309 #31092]  INFO -- : 0:  activerecord (4.0.2) from /Users/juliesoliman/.rvm/gems/ruby-2.1.0/specifications/activerecord-4.0.2.gemspec
I, [2014-02-28T18:14:28.801606 #31092]  INFO -- : 0:  coffee-script-source (1.7.0) from /Users/juliesoliman/.rvm/gems/ruby-2.1.0/specifications/coffee-script-source-1.7.0.gemspec
I, [2014-02-28T18:14:28.801900 #31092]  INFO -- : 0:  execjs (2.0.2) from /Users/juliesoliman/.rvm/gems/ruby-2.1.0/specifications/execjs-2.0.2.gemspec
I, [2014-02-28T18:14:28.802194 #31092]  INFO -- : 0:  coffee-script (2.2.0) from /Users/juliesoliman/.rvm/gems/ruby-2.1.0/specifications/coffee-script-2.2.0.gemspec
I, [2014-02-28T18:14:28.802448 #31092]  INFO -- : 0:  thor (0.18.1) from /Users/juliesoliman/.rvm/gems/ruby-2.1.0/specifications/thor-0.18.1.gemspec
I, [2014-02-28T18:14:28.802717 #31092]  INFO -- : 0:  railties (4.0.2) from /Users/juliesoliman/.rvm/gems/ruby-2.1.0/specifications/railties-4.0.2.gemspec
I, [2014-02-28T18:14:28.802991 #31092]  INFO -- : 0:  coffee-rails (4.0.1) from /Users/juliesoliman/.rvm/gems/ruby-2.1.0/specifications/coffee-rails-4.0.1.gemspec
I, [2014-02-28T18:14:28.803249 #31092]  INFO -- : 0:  hike (1.2.3) from /Users/juliesoliman/.rvm/gems/ruby-2.1.0/specifications/hike-1.2.3.gemspec
I, [2014-02-28T18:14:28.803523 #31092]  INFO -- : 0:  jbuilder (1.5.3) from /Users/juliesoliman/.rvm/gems/ruby-2.1.0/specifications/jbuilder-1.5.3.gemspec
I, [2014-02-28T18:14:28.803784 #31092]  INFO -- : 0:  jquery-rails (3.1.0) from /Users/juliesoliman/.rvm/gems/ruby-2.1.0/specifications/jquery-rails-3.1.0.gemspec
I, [2014-02-28T18:14:28.804030 #31092]  INFO -- : 0:  json (1.8.1) from /Users/juliesoliman/.rvm/rubies/ruby-2.1.0/lib/ruby/gems/2.1.0/specifications/default/json-1.8.1.gemspec
I, [2014-02-28T18:14:28.804282 #31092]  INFO -- : 0:  bundler (1.5.1) from /Users/juliesoliman/.rvm/gems/ruby-2.1.0@global/specifications/bundler-1.5.1.gemspec
I, [2014-02-28T18:14:28.804567 #31092]  INFO -- : 0:  tilt (1.4.1) from /Users/juliesoliman/.rvm/gems/ruby-2.1.0/specifications/tilt-1.4.1.gemspec
I, [2014-02-28T18:14:28.804824 #31092]  INFO -- : 0:  sprockets (2.11.0) from /Users/juliesoliman/.rvm/gems/ruby-2.1.0/specifications/sprockets-2.11.0.gemspec
I, [2014-02-28T18:14:28.805157 #31092]  INFO -- : 0:  sprockets-rails (2.0.1) from /Users/juliesoliman/.rvm/gems/ruby-2.1.0/specifications/sprockets-rails-2.0.1.gemspec
I, [2014-02-28T18:14:28.805417 #31092]  INFO -- : 0:  rails (4.0.2) from /Users/juliesoliman/.rvm/gems/ruby-2.1.0/specifications/rails-4.0.2.gemspec
I, [2014-02-28T18:14:28.805766 #31092]  INFO -- : 0:  rdoc (4.1.1) from /Users/juliesoliman/.rvm/gems/ruby-2.1.0/specifications/rdoc-4.1.1.gemspec
I, [2014-02-28T18:14:28.806100 #31092]  INFO -- : 0:  sass (3.2.14) from /Users/juliesoliman/.rvm/gems/ruby-2.1.0/specifications/sass-3.2.14.gemspec
I, [2014-02-28T18:14:28.806381 #31092]  INFO -- : 0:  sass-rails (4.0.1) from /Users/juliesoliman/.rvm/gems/ruby-2.1.0/specifications/sass-rails-4.0.1.gemspec
I, [2014-02-28T18:14:28.806643 #31092]  INFO -- : 0:  sdoc (0.4.0) from /Users/juliesoliman/.rvm/gems/ruby-2.1.0/specifications/sdoc-0.4.0.gemspec
I, [2014-02-28T18:14:28.806905 #31092]  INFO -- : 0:  sqlite3 (1.3.9) from /Users/juliesoliman/.rvm/gems/ruby-2.1.0/specifications/sqlite3-1.3.9.gemspec
I, [2014-02-28T18:14:28.807179 #31092]  INFO -- : 0:  turbolinks (2.2.1) from /Users/juliesoliman/.rvm/gems/ruby-2.1.0/specifications/turbolinks-2.2.1.gemspec
I, [2014-02-28T18:14:28.807434 #31092]  INFO -- : 0:  uglifier (2.4.0) from /Users/juliesoliman/.rvm/gems/ruby-2.1.0/specifications/uglifier-2.4.0.gemspec
I, [2014-02-28T18:50:40.583923 #31707]  INFO -- : 0:  rake (10.1.1) from /Users/juliesoliman/.rvm/gems/ruby-2.1.0/specifications/rake-10.1.1.gemspec
I, [2014-02-28T18:50:40.585247 #31707]  INFO -- : 0:  i18n (0.6.9) from /Users/juliesoliman/.rvm/gems/ruby-2.1.0/specifications/i18n-0.6.9.gemspec
I, [2014-02-28T18:50:40.585820 #31707]  INFO -- : 0:  minitest (4.7.5) from /Users/juliesoliman/.rvm/rubies/ruby-2.1.0/lib/ruby/gems/2.1.0/specifications/default/minitest-4.7.5.gemspec
I, [2014-02-28T18:50:40.586302 #31707]  INFO -- : 0:  multi_json (1.8.4) from /Users/juliesoliman/.rvm/gems/ruby-2.1.0/specifications/multi_json-1.8.4.gemspec
I, [2014-02-28T18:50:40.586711 #31707]  INFO -- : 0:  atomic (1.1.14) from /Users/juliesoliman/.rvm/gems/ruby-2.1.0/specifications/atomic-1.1.14.gemspec
I, [2014-02-28T18:50:40.587174 #31707]  INFO -- : 0:  thread_safe (0.1.3) from /Users/juliesoliman/.rvm/gems/ruby-2.1.0/specifications/thread_safe-0.1.3.gemspec
I, [2014-02-28T18:50:40.587600 #31707]  INFO -- : 0:  tzinfo (0.3.38) from /Users/juliesoliman/.rvm/gems/ruby-2.1.0/specifications/tzinfo-0.3.38.gemspec
I, [2014-02-28T18:50:40.588053 #31707]  INFO -- : 0:  activesupport (4.0.2) from /Users/juliesoliman/.rvm/gems/ruby-2.1.0/specifications/activesupport-4.0.2.gemspec
I, [2014-02-28T18:50:40.588556 #31707]  INFO -- : 0:  builder (3.1.4) from /Users/juliesoliman/.rvm/gems/ruby-2.1.0/specifications/builder-3.1.4.gemspec
I, [2014-02-28T18:50:40.588968 #31707]  INFO -- : 0:  erubis (2.7.0) from /Users/juliesoliman/.rvm/gems/ruby-2.1.0/specifications/erubis-2.7.0.gemspec
I, [2014-02-28T18:50:40.589375 #31707]  INFO -- : 0:  rack (1.5.2) from /Users/juliesoliman/.rvm/gems/ruby-2.1.0/specifications/rack-1.5.2.gemspec
I, [2014-02-28T18:50:40.589854 #31707]  INFO -- : 0:  rack-test (0.6.2) from /Users/juliesoliman/.rvm/gems/ruby-2.1.0/specifications/rack-test-0.6.2.gemspec
I, [2014-02-28T18:50:40.590352 #31707]  INFO -- : 0:  actionpack (4.0.2) from /Users/juliesoliman/.rvm/gems/ruby-2.1.0/specifications/actionpack-4.0.2.gemspec
I, [2014-02-28T18:50:40.590782 #31707]  INFO -- : 0:  mime-types (1.25.1) from /Users/juliesoliman/.rvm/gems/ruby-2.1.0/specifications/mime-types-1.25.1.gemspec
I, [2014-02-28T18:50:40.591132 #31707]  INFO -- : 0:  polyglot (0.3.4) from /Users/juliesoliman/.rvm/gems/ruby-2.1.0/specifications/polyglot-0.3.4.gemspec
I, [2014-02-28T18:50:40.591508 #31707]  INFO -- : 0:  treetop (1.4.15) from /Users/juliesoliman/.rvm/gems/ruby-2.1.0/specifications/treetop-1.4.15.gemspec
I, [2014-02-28T18:50:40.591844 #31707]  INFO -- : 0:  mail (2.5.4) from /Users/juliesoliman/.rvm/gems/ruby-2.1.0/specifications/mail-2.5.4.gemspec
I, [2014-02-28T18:50:40.592183 #31707]  INFO -- : 0:  actionmailer (4.0.2) from /Users/juliesoliman/.rvm/gems/ruby-2.1.0/specifications/actionmailer-4.0.2.gemspec
I, [2014-02-28T18:50:40.592568 #31707]  INFO -- : 0:  activemodel (4.0.2) from /Users/juliesoliman/.rvm/gems/ruby-2.1.0/specifications/activemodel-4.0.2.gemspec
I, [2014-02-28T18:50:40.592914 #31707]  INFO -- : 0:  activerecord-deprecated_finders (1.0.3) from /Users/juliesoliman/.rvm/gems/ruby-2.1.0/specifications/activerecord-deprecated_finders-1.0.3.gemspec
I, [2014-02-28T18:50:40.593248 #31707]  INFO -- : 0:  arel (4.0.2) from /Users/juliesoliman/.rvm/gems/ruby-2.1.0/specifications/arel-4.0.2.gemspec
I, [2014-02-28T18:50:40.593583 #31707]  INFO -- : 0:  activerecord (4.0.2) from /Users/juliesoliman/.rvm/gems/ruby-2.1.0/specifications/activerecord-4.0.2.gemspec
I, [2014-02-28T18:50:40.593906 #31707]  INFO -- : 0:  bcrypt-ruby (3.1.2) from /Users/juliesoliman/.rvm/gems/ruby-2.1.0/specifications/bcrypt-ruby-3.1.2.gemspec
I, [2014-02-28T18:50:40.594215 #31707]  INFO -- : 0:  bundler (1.5.1) from /Users/juliesoliman/.rvm/gems/ruby-2.1.0@global/specifications/bundler-1.5.1.gemspec
I, [2014-02-28T18:50:40.594617 #31707]  INFO -- : 0:  coffee-script-source (1.7.0) from /Users/juliesoliman/.rvm/gems/ruby-2.1.0/specifications/coffee-script-source-1.7.0.gemspec
I, [2014-02-28T18:50:40.594878 #31707]  INFO -- : 0:  execjs (2.0.2) from /Users/juliesoliman/.rvm/gems/ruby-2.1.0/specifications/execjs-2.0.2.gemspec
I, [2014-02-28T18:50:40.595160 #31707]  INFO -- : 0:  coffee-script (2.2.0) from /Users/juliesoliman/.rvm/gems/ruby-2.1.0/specifications/coffee-script-2.2.0.gemspec
I, [2014-02-28T18:50:40.595448 #31707]  INFO -- : 0:  thor (0.18.1) from /Users/juliesoliman/.rvm/gems/ruby-2.1.0/specifications/thor-0.18.1.gemspec
I, [2014-02-28T18:50:40.595710 #31707]  INFO -- : 0:  railties (4.0.2) from /Users/juliesoliman/.rvm/gems/ruby-2.1.0/specifications/railties-4.0.2.gemspec
I, [2014-02-28T18:50:40.596036 #31707]  INFO -- : 0:  coffee-rails (4.0.1) from /Users/juliesoliman/.rvm/gems/ruby-2.1.0/specifications/coffee-rails-4.0.1.gemspec
I, [2014-02-28T18:50:40.596424 #31707]  INFO -- : 0:  hike (1.2.3) from /Users/juliesoliman/.rvm/gems/ruby-2.1.0/specifications/hike-1.2.3.gemspec
I, [2014-02-28T18:50:40.596753 #31707]  INFO -- : 0:  jbuilder (1.5.3) from /Users/juliesoliman/.rvm/gems/ruby-2.1.0/specifications/jbuilder-1.5.3.gemspec
I, [2014-02-28T18:50:40.597122 #31707]  INFO -- : 0:  jquery-rails (3.1.0) from /Users/juliesoliman/.rvm/gems/ruby-2.1.0/specifications/jquery-rails-3.1.0.gemspec
I, [2014-02-28T18:50:40.597476 #31707]  INFO -- : 0:  json (1.8.1) from /Users/juliesoliman/.rvm/rubies/ruby-2.1.0/lib/ruby/gems/2.1.0/specifications/default/json-1.8.1.gemspec
I, [2014-02-28T18:50:40.597944 #31707]  INFO -- : 0:  tilt (1.4.1) from /Users/juliesoliman/.rvm/gems/ruby-2.1.0/specifications/tilt-1.4.1.gemspec
I, [2014-02-28T18:50:40.598393 #31707]  INFO -- : 0:  sprockets (2.11.0) from /Users/juliesoliman/.rvm/gems/ruby-2.1.0/specifications/sprockets-2.11.0.gemspec
I, [2014-02-28T18:50:40.598862 #31707]  INFO -- : 0:  sprockets-rails (2.0.1) from /Users/juliesoliman/.rvm/gems/ruby-2.1.0/specifications/sprockets-rails-2.0.1.gemspec
I, [2014-02-28T18:50:40.599196 #31707]  INFO -- : 0:  rails (4.0.2) from /Users/juliesoliman/.rvm/gems/ruby-2.1.0/specifications/rails-4.0.2.gemspec
I, [2014-02-28T18:50:40.599519 #31707]  INFO -- : 0:  rdoc (4.1.1) from /Users/juliesoliman/.rvm/gems/ruby-2.1.0/specifications/rdoc-4.1.1.gemspec
I, [2014-02-28T18:50:40.599965 #31707]  INFO -- : 0:  sass (3.2.14) from /Users/juliesoliman/.rvm/gems/ruby-2.1.0/specifications/sass-3.2.14.gemspec
I, [2014-02-28T18:50:40.600362 #31707]  INFO -- : 0:  sass-rails (4.0.1) from /Users/juliesoliman/.rvm/gems/ruby-2.1.0/specifications/sass-rails-4.0.1.gemspec
I, [2014-02-28T18:50:40.600742 #31707]  INFO -- : 0:  sdoc (0.4.0) from /Users/juliesoliman/.rvm/gems/ruby-2.1.0/specifications/sdoc-0.4.0.gemspec
I, [2014-02-28T18:50:40.601182 #31707]  INFO -- : 0:  sqlite3 (1.3.9) from /Users/juliesoliman/.rvm/gems/ruby-2.1.0/specifications/sqlite3-1.3.9.gemspec
I, [2014-02-28T18:50:40.601617 #31707]  INFO -- : 0:  turbolinks (2.2.1) from /Users/juliesoliman/.rvm/gems/ruby-2.1.0/specifications/turbolinks-2.2.1.gemspec
I, [2014-02-28T18:50:40.601953 #31707]  INFO -- : 0:  uglifier (2.4.0) from /Users/juliesoliman/.rvm/gems/ruby-2.1.0/specifications/uglifier-2.4.0.gemspec
I, [2014-03-01T09:41:44.942396 #32436]  INFO -- : 0:  rake (10.1.1) from /Users/juliesoliman/.rvm/gems/ruby-2.1.0/specifications/rake-10.1.1.gemspec
I, [2014-03-01T09:41:44.943337 #32436]  INFO -- : 0:  i18n (0.6.9) from /Users/juliesoliman/.rvm/gems/ruby-2.1.0/specifications/i18n-0.6.9.gemspec
I, [2014-03-01T09:41:44.943647 #32436]  INFO -- : 0:  minitest (4.7.5) from /Users/juliesoliman/.rvm/rubies/ruby-2.1.0/lib/ruby/gems/2.1.0/specifications/default/minitest-4.7.5.gemspec
I, [2014-03-01T09:41:44.943953 #32436]  INFO -- : 0:  multi_json (1.8.4) from /Users/juliesoliman/.rvm/gems/ruby-2.1.0/specifications/multi_json-1.8.4.gemspec
I, [2014-03-01T09:41:44.944312 #32436]  INFO -- : 0:  atomic (1.1.14) from /Users/juliesoliman/.rvm/gems/ruby-2.1.0/specifications/atomic-1.1.14.gemspec
I, [2014-03-01T09:41:44.944607 #32436]  INFO -- : 0:  thread_safe (0.1.3) from /Users/juliesoliman/.rvm/gems/ruby-2.1.0/specifications/thread_safe-0.1.3.gemspec
I, [2014-03-01T09:41:44.944908 #32436]  INFO -- : 0:  tzinfo (0.3.38) from /Users/juliesoliman/.rvm/gems/ruby-2.1.0/specifications/tzinfo-0.3.38.gemspec
I, [2014-03-01T09:41:44.945211 #32436]  INFO -- : 0:  activesupport (4.0.2) from /Users/juliesoliman/.rvm/gems/ruby-2.1.0/specifications/activesupport-4.0.2.gemspec
I, [2014-03-01T09:41:44.945501 #32436]  INFO -- : 0:  builder (3.1.4) from /Users/juliesoliman/.rvm/gems/ruby-2.1.0/specifications/builder-3.1.4.gemspec
I, [2014-03-01T09:41:44.945813 #32436]  INFO -- : 0:  erubis (2.7.0) from /Users/juliesoliman/.rvm/gems/ruby-2.1.0/specifications/erubis-2.7.0.gemspec
I, [2014-03-01T09:41:44.946090 #32436]  INFO -- : 0:  rack (1.5.2) from /Users/juliesoliman/.rvm/gems/ruby-2.1.0/specifications/rack-1.5.2.gemspec
I, [2014-03-01T09:41:44.946373 #32436]  INFO -- : 0:  rack-test (0.6.2) from /Users/juliesoliman/.rvm/gems/ruby-2.1.0/specifications/rack-test-0.6.2.gemspec
I, [2014-03-01T09:41:44.946625 #32436]  INFO -- : 0:  actionpack (4.0.2) from /Users/juliesoliman/.rvm/gems/ruby-2.1.0/specifications/actionpack-4.0.2.gemspec
I, [2014-03-01T09:41:44.946904 #32436]  INFO -- : 0:  mime-types (1.25.1) from /Users/juliesoliman/.rvm/gems/ruby-2.1.0/specifications/mime-types-1.25.1.gemspec
I, [2014-03-01T09:41:44.947169 #32436]  INFO -- : 0:  polyglot (0.3.4) from /Users/juliesoliman/.rvm/gems/ruby-2.1.0/specifications/polyglot-0.3.4.gemspec
I, [2014-03-01T09:41:44.947445 #32436]  INFO -- : 0:  treetop (1.4.15) from /Users/juliesoliman/.rvm/gems/ruby-2.1.0/specifications/treetop-1.4.15.gemspec
I, [2014-03-01T09:41:44.949191 #32436]  INFO -- : 0:  mail (2.5.4) from /Users/juliesoliman/.rvm/gems/ruby-2.1.0/specifications/mail-2.5.4.gemspec
I, [2014-03-01T09:41:44.949555 #32436]  INFO -- : 0:  actionmailer (4.0.2) from /Users/juliesoliman/.rvm/gems/ruby-2.1.0/specifications/actionmailer-4.0.2.gemspec
I, [2014-03-01T09:41:44.949868 #32436]  INFO -- : 0:  activemodel (4.0.2) from /Users/juliesoliman/.rvm/gems/ruby-2.1.0/specifications/activemodel-4.0.2.gemspec
I, [2014-03-01T09:41:44.950202 #32436]  INFO -- : 0:  activerecord-deprecated_finders (1.0.3) from /Users/juliesoliman/.rvm/gems/ruby-2.1.0/specifications/activerecord-deprecated_finders-1.0.3.gemspec
I, [2014-03-01T09:41:44.950493 #32436]  INFO -- : 0:  arel (4.0.2) from /Users/juliesoliman/.rvm/gems/ruby-2.1.0/specifications/arel-4.0.2.gemspec
I, [2014-03-01T09:41:44.950774 #32436]  INFO -- : 0:  activerecord (4.0.2) from /Users/juliesoliman/.rvm/gems/ruby-2.1.0/specifications/activerecord-4.0.2.gemspec
I, [2014-03-01T09:41:44.951041 #32436]  INFO -- : 0:  bcrypt-ruby (3.1.2) from /Users/juliesoliman/.rvm/gems/ruby-2.1.0/specifications/bcrypt-ruby-3.1.2.gemspec
I, [2014-03-01T09:41:44.951292 #32436]  INFO -- : 0:  debug_inspector (0.0.2) from /Users/juliesoliman/.rvm/gems/ruby-2.1.0/specifications/debug_inspector-0.0.2.gemspec
I, [2014-03-01T09:41:44.951542 #32436]  INFO -- : 0:  binding_of_caller (0.7.2) from /Users/juliesoliman/.rvm/gems/ruby-2.1.0/specifications/binding_of_caller-0.7.2.gemspec
I, [2014-03-01T09:41:44.951821 #32436]  INFO -- : 0:  coffee-script-source (1.7.0) from /Users/juliesoliman/.rvm/gems/ruby-2.1.0/specifications/coffee-script-source-1.7.0.gemspec
I, [2014-03-01T09:41:44.952091 #32436]  INFO -- : 0:  execjs (2.0.2) from /Users/juliesoliman/.rvm/gems/ruby-2.1.0/specifications/execjs-2.0.2.gemspec
I, [2014-03-01T09:41:44.952339 #32436]  INFO -- : 0:  coffee-script (2.2.0) from /Users/juliesoliman/.rvm/gems/ruby-2.1.0/specifications/coffee-script-2.2.0.gemspec
I, [2014-03-01T09:41:44.952590 #32436]  INFO -- : 0:  thor (0.18.1) from /Users/juliesoliman/.rvm/gems/ruby-2.1.0/specifications/thor-0.18.1.gemspec
I, [2014-03-01T09:41:44.952860 #32436]  INFO -- : 0:  railties (4.0.2) from /Users/juliesoliman/.rvm/gems/ruby-2.1.0/specifications/railties-4.0.2.gemspec
I, [2014-03-01T09:41:44.953145 #32436]  INFO -- : 0:  coffee-rails (4.0.1) from /Users/juliesoliman/.rvm/gems/ruby-2.1.0/specifications/coffee-rails-4.0.1.gemspec
I, [2014-03-01T09:41:44.953405 #32436]  INFO -- : 0:  hike (1.2.3) from /Users/juliesoliman/.rvm/gems/ruby-2.1.0/specifications/hike-1.2.3.gemspec
I, [2014-03-01T09:41:44.953655 #32436]  INFO -- : 0:  jbuilder (1.5.3) from /Users/juliesoliman/.rvm/gems/ruby-2.1.0/specifications/jbuilder-1.5.3.gemspec
I, [2014-03-01T09:41:44.953932 #32436]  INFO -- : 0:  jquery-rails (3.1.0) from /Users/juliesoliman/.rvm/gems/ruby-2.1.0/specifications/jquery-rails-3.1.0.gemspec
I, [2014-03-01T09:41:44.954207 #32436]  INFO -- : 0:  json (1.8.1) from /Users/juliesoliman/.rvm/rubies/ruby-2.1.0/lib/ruby/gems/2.1.0/specifications/default/json-1.8.1.gemspec
I, [2014-03-01T09:41:44.954451 #32436]  INFO -- : 0:  bundler (1.5.1) from /Users/juliesoliman/.rvm/gems/ruby-2.1.0@global/specifications/bundler-1.5.1.gemspec
I, [2014-03-01T09:41:44.954704 #32436]  INFO -- : 0:  tilt (1.4.1) from /Users/juliesoliman/.rvm/gems/ruby-2.1.0/specifications/tilt-1.4.1.gemspec
I, [2014-03-01T09:41:44.954990 #32436]  INFO -- : 0:  sprockets (2.11.0) from /Users/juliesoliman/.rvm/gems/ruby-2.1.0/specifications/sprockets-2.11.0.gemspec
I, [2014-03-01T09:41:44.955243 #32436]  INFO -- : 0:  sprockets-rails (2.0.1) from /Users/juliesoliman/.rvm/gems/ruby-2.1.0/specifications/sprockets-rails-2.0.1.gemspec
I, [2014-03-01T09:41:44.955492 #32436]  INFO -- : 0:  rails (4.0.2) from /Users/juliesoliman/.rvm/gems/ruby-2.1.0/specifications/rails-4.0.2.gemspec
I, [2014-03-01T09:41:44.955743 #32436]  INFO -- : 0:  rdoc (4.1.1) from /Users/juliesoliman/.rvm/gems/ruby-2.1.0/specifications/rdoc-4.1.1.gemspec
I, [2014-03-01T09:41:44.956020 #32436]  INFO -- : 0:  sass (3.2.14) from /Users/juliesoliman/.rvm/gems/ruby-2.1.0/specifications/sass-3.2.14.gemspec
I, [2014-03-01T09:41:44.956284 #32436]  INFO -- : 0:  sass-rails (4.0.1) from /Users/juliesoliman/.rvm/gems/ruby-2.1.0/specifications/sass-rails-4.0.1.gemspec
I, [2014-03-01T09:41:44.956559 #32436]  INFO -- : 0:  sdoc (0.4.0) from /Users/juliesoliman/.rvm/gems/ruby-2.1.0/specifications/sdoc-0.4.0.gemspec
I, [2014-03-01T09:41:44.956830 #32436]  INFO -- : 0:  sqlite3 (1.3.9) from /Users/juliesoliman/.rvm/gems/ruby-2.1.0/specifications/sqlite3-1.3.9.gemspec
I, [2014-03-01T09:41:44.957088 #32436]  INFO -- : 0:  turbolinks (2.2.1) from /Users/juliesoliman/.rvm/gems/ruby-2.1.0/specifications/turbolinks-2.2.1.gemspec
I, [2014-03-01T09:41:44.957359 #32436]  INFO -- : 0:  uglifier (2.4.0) from /Users/juliesoliman/.rvm/gems/ruby-2.1.0/specifications/uglifier-2.4.0.gemspec
I, [2014-03-01T19:47:28.569967 #33099]  INFO -- : 0:  rake (10.1.1) from /Users/juliesoliman/.rvm/gems/ruby-2.1.0/specifications/rake-10.1.1.gemspec
I, [2014-03-01T19:47:28.570868 #33099]  INFO -- : 0:  i18n (0.6.9) from /Users/juliesoliman/.rvm/gems/ruby-2.1.0/specifications/i18n-0.6.9.gemspec
I, [2014-03-01T19:47:28.571247 #33099]  INFO -- : 0:  minitest (4.7.5) from /Users/juliesoliman/.rvm/rubies/ruby-2.1.0/lib/ruby/gems/2.1.0/specifications/default/minitest-4.7.5.gemspec
I, [2014-03-01T19:47:28.571610 #33099]  INFO -- : 0:  multi_json (1.8.4) from /Users/juliesoliman/.rvm/gems/ruby-2.1.0/specifications/multi_json-1.8.4.gemspec
I, [2014-03-01T19:47:28.571947 #33099]  INFO -- : 0:  atomic (1.1.14) from /Users/juliesoliman/.rvm/gems/ruby-2.1.0/specifications/atomic-1.1.14.gemspec
I, [2014-03-01T19:47:28.572290 #33099]  INFO -- : 0:  thread_safe (0.1.3) from /Users/juliesoliman/.rvm/gems/ruby-2.1.0/specifications/thread_safe-0.1.3.gemspec
I, [2014-03-01T19:47:28.572630 #33099]  INFO -- : 0:  tzinfo (0.3.38) from /Users/juliesoliman/.rvm/gems/ruby-2.1.0/specifications/tzinfo-0.3.38.gemspec
I, [2014-03-01T19:47:28.572984 #33099]  INFO -- : 0:  activesupport (4.0.2) from /Users/juliesoliman/.rvm/gems/ruby-2.1.0/specifications/activesupport-4.0.2.gemspec
I, [2014-03-01T19:47:28.573327 #33099]  INFO -- : 0:  builder (3.1.4) from /Users/juliesoliman/.rvm/gems/ruby-2.1.0/specifications/builder-3.1.4.gemspec
I, [2014-03-01T19:47:28.573705 #33099]  INFO -- : 0:  erubis (2.7.0) from /Users/juliesoliman/.rvm/gems/ruby-2.1.0/specifications/erubis-2.7.0.gemspec
I, [2014-03-01T19:47:28.574078 #33099]  INFO -- : 0:  rack (1.5.2) from /Users/juliesoliman/.rvm/gems/ruby-2.1.0/specifications/rack-1.5.2.gemspec
I, [2014-03-01T19:47:28.574468 #33099]  INFO -- : 0:  rack-test (0.6.2) from /Users/juliesoliman/.rvm/gems/ruby-2.1.0/specifications/rack-test-0.6.2.gemspec
I, [2014-03-01T19:47:28.574800 #33099]  INFO -- : 0:  actionpack (4.0.2) from /Users/juliesoliman/.rvm/gems/ruby-2.1.0/specifications/actionpack-4.0.2.gemspec
I, [2014-03-01T19:47:28.575149 #33099]  INFO -- : 0:  mime-types (1.25.1) from /Users/juliesoliman/.rvm/gems/ruby-2.1.0/specifications/mime-types-1.25.1.gemspec
I, [2014-03-01T19:47:28.575486 #33099]  INFO -- : 0:  polyglot (0.3.4) from /Users/juliesoliman/.rvm/gems/ruby-2.1.0/specifications/polyglot-0.3.4.gemspec
I, [2014-03-01T19:47:28.575848 #33099]  INFO -- : 0:  treetop (1.4.15) from /Users/juliesoliman/.rvm/gems/ruby-2.1.0/specifications/treetop-1.4.15.gemspec
I, [2014-03-01T19:47:28.576178 #33099]  INFO -- : 0:  mail (2.5.4) from /Users/juliesoliman/.rvm/gems/ruby-2.1.0/specifications/mail-2.5.4.gemspec
I, [2014-03-01T19:47:28.576528 #33099]  INFO -- : 0:  actionmailer (4.0.2) from /Users/juliesoliman/.rvm/gems/ruby-2.1.0/specifications/actionmailer-4.0.2.gemspec
I, [2014-03-01T19:47:28.576861 #33099]  INFO -- : 0:  activemodel (4.0.2) from /Users/juliesoliman/.rvm/gems/ruby-2.1.0/specifications/activemodel-4.0.2.gemspec
I, [2014-03-01T19:47:28.578697 #33099]  INFO -- : 0:  activerecord-deprecated_finders (1.0.3) from /Users/juliesoliman/.rvm/gems/ruby-2.1.0/specifications/activerecord-deprecated_finders-1.0.3.gemspec
I, [2014-03-01T19:47:28.578974 #33099]  INFO -- : 0:  arel (4.0.2) from /Users/juliesoliman/.rvm/gems/ruby-2.1.0/specifications/arel-4.0.2.gemspec
I, [2014-03-01T19:47:28.579251 #33099]  INFO -- : 0:  activerecord (4.0.2) from /Users/juliesoliman/.rvm/gems/ruby-2.1.0/specifications/activerecord-4.0.2.gemspec
I, [2014-03-01T19:47:28.579536 #33099]  INFO -- : 0:  bcrypt-ruby (3.1.2) from /Users/juliesoliman/.rvm/gems/ruby-2.1.0/specifications/bcrypt-ruby-3.1.2.gemspec
I, [2014-03-01T19:47:28.579808 #33099]  INFO -- : 0:  coffee-script-source (1.7.0) from /Users/juliesoliman/.rvm/gems/ruby-2.1.0/specifications/coffee-script-source-1.7.0.gemspec
I, [2014-03-01T19:47:28.580066 #33099]  INFO -- : 0:  execjs (2.0.2) from /Users/juliesoliman/.rvm/gems/ruby-2.1.0/specifications/execjs-2.0.2.gemspec
I, [2014-03-01T19:47:28.580328 #33099]  INFO -- : 0:  coffee-script (2.2.0) from /Users/juliesoliman/.rvm/gems/ruby-2.1.0/specifications/coffee-script-2.2.0.gemspec
I, [2014-03-01T19:47:28.580588 #33099]  INFO -- : 0:  thor (0.18.1) from /Users/juliesoliman/.rvm/gems/ruby-2.1.0/specifications/thor-0.18.1.gemspec
I, [2014-03-01T19:47:28.580864 #33099]  INFO -- : 0:  railties (4.0.2) from /Users/juliesoliman/.rvm/gems/ruby-2.1.0/specifications/railties-4.0.2.gemspec
I, [2014-03-01T19:47:28.581137 #33099]  INFO -- : 0:  coffee-rails (4.0.1) from /Users/juliesoliman/.rvm/gems/ruby-2.1.0/specifications/coffee-rails-4.0.1.gemspec
I, [2014-03-01T19:47:28.581377 #33099]  INFO -- : 0:  hike (1.2.3) from /Users/juliesoliman/.rvm/gems/ruby-2.1.0/specifications/hike-1.2.3.gemspec
I, [2014-03-01T19:47:28.581645 #33099]  INFO -- : 0:  jbuilder (1.5.3) from /Users/juliesoliman/.rvm/gems/ruby-2.1.0/specifications/jbuilder-1.5.3.gemspec
I, [2014-03-01T19:47:28.581910 #33099]  INFO -- : 0:  jquery-rails (3.1.0) from /Users/juliesoliman/.rvm/gems/ruby-2.1.0/specifications/jquery-rails-3.1.0.gemspec
I, [2014-03-01T19:47:28.582167 #33099]  INFO -- : 0:  json (1.8.1) from /Users/juliesoliman/.rvm/rubies/ruby-2.1.0/lib/ruby/gems/2.1.0/specifications/default/json-1.8.1.gemspec
I, [2014-03-01T19:47:28.582410 #33099]  INFO -- : 0:  bundler (1.5.1) from /Users/juliesoliman/.rvm/gems/ruby-2.1.0@global/specifications/bundler-1.5.1.gemspec
I, [2014-03-01T19:47:28.582671 #33099]  INFO -- : 0:  tilt (1.4.1) from /Users/juliesoliman/.rvm/gems/ruby-2.1.0/specifications/tilt-1.4.1.gemspec
I, [2014-03-01T19:47:28.582966 #33099]  INFO -- : 0:  sprockets (2.11.0) from /Users/juliesoliman/.rvm/gems/ruby-2.1.0/specifications/sprockets-2.11.0.gemspec
I, [2014-03-01T19:47:28.583246 #33099]  INFO -- : 0:  sprockets-rails (2.0.1) from /Users/juliesoliman/.rvm/gems/ruby-2.1.0/specifications/sprockets-rails-2.0.1.gemspec
I, [2014-03-01T19:47:28.583507 #33099]  INFO -- : 0:  rails (4.0.2) from /Users/juliesoliman/.rvm/gems/ruby-2.1.0/specifications/rails-4.0.2.gemspec
I, [2014-03-01T19:47:28.583767 #33099]  INFO -- : 0:  rdoc (4.1.1) from /Users/juliesoliman/.rvm/gems/ruby-2.1.0/specifications/rdoc-4.1.1.gemspec
I, [2014-03-01T19:47:28.584039 #33099]  INFO -- : 0:  sass (3.2.14) from /Users/juliesoliman/.rvm/gems/ruby-2.1.0/specifications/sass-3.2.14.gemspec
I, [2014-03-01T19:47:28.584320 #33099]  INFO -- : 0:  sass-rails (4.0.1) from /Users/juliesoliman/.rvm/gems/ruby-2.1.0/specifications/sass-rails-4.0.1.gemspec
I, [2014-03-01T19:47:28.584567 #33099]  INFO -- : 0:  sdoc (0.4.0) from /Users/juliesoliman/.rvm/gems/ruby-2.1.0/specifications/sdoc-0.4.0.gemspec
I, [2014-03-01T19:47:28.584829 #33099]  INFO -- : 0:  sqlite3 (1.3.9) from /Users/juliesoliman/.rvm/gems/ruby-2.1.0/specifications/sqlite3-1.3.9.gemspec
I, [2014-03-01T19:47:28.585105 #33099]  INFO -- : 0:  turbolinks (2.2.1) from /Users/juliesoliman/.rvm/gems/ruby-2.1.0/specifications/turbolinks-2.2.1.gemspec
I, [2014-03-01T19:47:28.585368 #33099]  INFO -- : 0:  uglifier (2.4.0) from /Users/juliesoliman/.rvm/gems/ruby-2.1.0/specifications/uglifier-2.4.0.gemspec
I, [2014-03-05T21:05:57.399719 #40326]  INFO -- : 0:  rake (10.1.1) from /Users/juliesoliman/.rvm/gems/ruby-2.1.0/specifications/rake-10.1.1.gemspec
I, [2014-03-05T21:05:57.400590 #40326]  INFO -- : 0:  i18n (0.6.9) from /Users/juliesoliman/.rvm/gems/ruby-2.1.0/specifications/i18n-0.6.9.gemspec
I, [2014-03-05T21:05:57.400975 #40326]  INFO -- : 0:  minitest (4.7.5) from /Users/juliesoliman/.rvm/rubies/ruby-2.1.0/lib/ruby/gems/2.1.0/specifications/default/minitest-4.7.5.gemspec
I, [2014-03-05T21:05:57.401274 #40326]  INFO -- : 0:  multi_json (1.8.4) from /Users/juliesoliman/.rvm/gems/ruby-2.1.0/specifications/multi_json-1.8.4.gemspec
I, [2014-03-05T21:05:57.401572 #40326]  INFO -- : 0:  atomic (1.1.14) from /Users/juliesoliman/.rvm/gems/ruby-2.1.0/specifications/atomic-1.1.14.gemspec
I, [2014-03-05T21:05:57.401854 #40326]  INFO -- : 0:  thread_safe (0.1.3) from /Users/juliesoliman/.rvm/gems/ruby-2.1.0/specifications/thread_safe-0.1.3.gemspec
I, [2014-03-05T21:05:57.402127 #40326]  INFO -- : 0:  tzinfo (0.3.38) from /Users/juliesoliman/.rvm/gems/ruby-2.1.0/specifications/tzinfo-0.3.38.gemspec
I, [2014-03-05T21:05:57.402423 #40326]  INFO -- : 0:  activesupport (4.0.2) from /Users/juliesoliman/.rvm/gems/ruby-2.1.0/specifications/activesupport-4.0.2.gemspec
I, [2014-03-05T21:05:57.402707 #40326]  INFO -- : 0:  builder (3.1.4) from /Users/juliesoliman/.rvm/gems/ruby-2.1.0/specifications/builder-3.1.4.gemspec
I, [2014-03-05T21:05:57.402978 #40326]  INFO -- : 0:  erubis (2.7.0) from /Users/juliesoliman/.rvm/gems/ruby-2.1.0/specifications/erubis-2.7.0.gemspec
I, [2014-03-05T21:05:57.403276 #40326]  INFO -- : 0:  rack (1.5.2) from /Users/juliesoliman/.rvm/gems/ruby-2.1.0/specifications/rack-1.5.2.gemspec
I, [2014-03-05T21:05:57.403534 #40326]  INFO -- : 0:  rack-test (0.6.2) from /Users/juliesoliman/.rvm/gems/ruby-2.1.0/specifications/rack-test-0.6.2.gemspec
I, [2014-03-05T21:05:57.403813 #40326]  INFO -- : 0:  actionpack (4.0.2) from /Users/juliesoliman/.rvm/gems/ruby-2.1.0/specifications/actionpack-4.0.2.gemspec
I, [2014-03-05T21:05:57.404082 #40326]  INFO -- : 0:  mime-types (1.25.1) from /Users/juliesoliman/.rvm/gems/ruby-2.1.0/specifications/mime-types-1.25.1.gemspec
I, [2014-03-05T21:05:57.404342 #40326]  INFO -- : 0:  polyglot (0.3.4) from /Users/juliesoliman/.rvm/gems/ruby-2.1.0/specifications/polyglot-0.3.4.gemspec
I, [2014-03-05T21:05:57.404611 #40326]  INFO -- : 0:  treetop (1.4.15) from /Users/juliesoliman/.rvm/gems/ruby-2.1.0/specifications/treetop-1.4.15.gemspec
I, [2014-03-05T21:05:57.404892 #40326]  INFO -- : 0:  mail (2.5.4) from /Users/juliesoliman/.rvm/gems/ruby-2.1.0/specifications/mail-2.5.4.gemspec
I, [2014-03-05T21:05:57.405159 #40326]  INFO -- : 0:  actionmailer (4.0.2) from /Users/juliesoliman/.rvm/gems/ruby-2.1.0/specifications/actionmailer-4.0.2.gemspec
I, [2014-03-05T21:05:57.405438 #40326]  INFO -- : 0:  activemodel (4.0.2) from /Users/juliesoliman/.rvm/gems/ruby-2.1.0/specifications/activemodel-4.0.2.gemspec
I, [2014-03-05T21:05:57.405702 #40326]  INFO -- : 0:  activerecord-deprecated_finders (1.0.3) from /Users/juliesoliman/.rvm/gems/ruby-2.1.0/specifications/activerecord-deprecated_finders-1.0.3.gemspec
I, [2014-03-05T21:05:57.405983 #40326]  INFO -- : 0:  arel (4.0.2) from /Users/juliesoliman/.rvm/gems/ruby-2.1.0/specifications/arel-4.0.2.gemspec
I, [2014-03-05T21:05:57.406258 #40326]  INFO -- : 0:  activerecord (4.0.2) from /Users/juliesoliman/.rvm/gems/ruby-2.1.0/specifications/activerecord-4.0.2.gemspec
I, [2014-03-05T21:05:57.406512 #40326]  INFO -- : 0:  bcrypt-ruby (3.1.2) from /Users/juliesoliman/.rvm/gems/ruby-2.1.0/specifications/bcrypt-ruby-3.1.2.gemspec
I, [2014-03-05T21:05:57.406793 #40326]  INFO -- : 0:  coffee-script-source (1.7.0) from /Users/juliesoliman/.rvm/gems/ruby-2.1.0/specifications/coffee-script-source-1.7.0.gemspec
I, [2014-03-05T21:05:57.407128 #40326]  INFO -- : 0:  execjs (2.0.2) from /Users/juliesoliman/.rvm/gems/ruby-2.1.0/specifications/execjs-2.0.2.gemspec
I, [2014-03-05T21:05:57.407399 #40326]  INFO -- : 0:  coffee-script (2.2.0) from /Users/juliesoliman/.rvm/gems/ruby-2.1.0/specifications/coffee-script-2.2.0.gemspec
I, [2014-03-05T21:05:57.407863 #40326]  INFO -- : 0:  thor (0.18.1) from /Users/juliesoliman/.rvm/gems/ruby-2.1.0/specifications/thor-0.18.1.gemspec
I, [2014-03-05T21:05:57.408611 #40326]  INFO -- : 0:  railties (4.0.2) from /Users/juliesoliman/.rvm/gems/ruby-2.1.0/specifications/railties-4.0.2.gemspec
I, [2014-03-05T21:05:57.409044 #40326]  INFO -- : 0:  coffee-rails (4.0.1) from /Users/juliesoliman/.rvm/gems/ruby-2.1.0/specifications/coffee-rails-4.0.1.gemspec
I, [2014-03-05T21:05:57.409440 #40326]  INFO -- : 0:  hike (1.2.3) from /Users/juliesoliman/.rvm/gems/ruby-2.1.0/specifications/hike-1.2.3.gemspec
I, [2014-03-05T21:05:57.409893 #40326]  INFO -- : 0:  jbuilder (1.5.3) from /Users/juliesoliman/.rvm/gems/ruby-2.1.0/specifications/jbuilder-1.5.3.gemspec
I, [2014-03-05T21:05:57.410321 #40326]  INFO -- : 0:  jquery-rails (3.1.0) from /Users/juliesoliman/.rvm/gems/ruby-2.1.0/specifications/jquery-rails-3.1.0.gemspec
I, [2014-03-05T21:05:57.410692 #40326]  INFO -- : 0:  json (1.8.1) from /Users/juliesoliman/.rvm/rubies/ruby-2.1.0/lib/ruby/gems/2.1.0/specifications/default/json-1.8.1.gemspec
I, [2014-03-05T21:05:57.411121 #40326]  INFO -- : 0:  bundler (1.5.1) from /Users/juliesoliman/.rvm/gems/ruby-2.1.0@global/specifications/bundler-1.5.1.gemspec
I, [2014-03-05T21:05:57.411574 #40326]  INFO -- : 0:  tilt (1.4.1) from /Users/juliesoliman/.rvm/gems/ruby-2.1.0/specifications/tilt-1.4.1.gemspec
I, [2014-03-05T21:05:57.412030 #40326]  INFO -- : 0:  sprockets (2.11.0) from /Users/juliesoliman/.rvm/gems/ruby-2.1.0/specifications/sprockets-2.11.0.gemspec
I, [2014-03-05T21:05:57.412500 #40326]  INFO -- : 0:  sprockets-rails (2.0.1) from /Users/juliesoliman/.rvm/gems/ruby-2.1.0/specifications/sprockets-rails-2.0.1.gemspec
I, [2014-03-05T21:05:57.412981 #40326]  INFO -- : 0:  rails (4.0.2) from /Users/juliesoliman/.rvm/gems/ruby-2.1.0/specifications/rails-4.0.2.gemspec
I, [2014-03-05T21:05:57.413436 #40326]  INFO -- : 0:  rdoc (4.1.1) from /Users/juliesoliman/.rvm/gems/ruby-2.1.0/specifications/rdoc-4.1.1.gemspec
I, [2014-03-05T21:05:57.413909 #40326]  INFO -- : 0:  sass (3.2.14) from /Users/juliesoliman/.rvm/gems/ruby-2.1.0/specifications/sass-3.2.14.gemspec
I, [2014-03-05T21:05:57.414437 #40326]  INFO -- : 0:  sass-rails (4.0.1) from /Users/juliesoliman/.rvm/gems/ruby-2.1.0/specifications/sass-rails-4.0.1.gemspec
I, [2014-03-05T21:05:57.414901 #40326]  INFO -- : 0:  sdoc (0.4.0) from /Users/juliesoliman/.rvm/gems/ruby-2.1.0/specifications/sdoc-0.4.0.gemspec
I, [2014-03-05T21:05:57.415284 #40326]  INFO -- : 0:  sqlite3 (1.3.9) from /Users/juliesoliman/.rvm/gems/ruby-2.1.0/specifications/sqlite3-1.3.9.gemspec
I, [2014-03-05T21:05:57.415666 #40326]  INFO -- : 0:  turbolinks (2.2.1) from /Users/juliesoliman/.rvm/gems/ruby-2.1.0/specifications/turbolinks-2.2.1.gemspec
I, [2014-03-05T21:05:57.415955 #40326]  INFO -- : 0:  uglifier (2.4.0) from /Users/juliesoliman/.rvm/gems/ruby-2.1.0/specifications/uglifier-2.4.0.gemspec
